2025-06-17 14:41:49.825 [info] [main] Log level: Info
2025-06-17 14:41:49.825 [info] [main] Validating found git in: "git"
2025-06-17 14:41:49.825 [info] [main] Using git "2.43.0" from "git"
2025-06-17 14:41:49.825 [info] [Model][doInitialScan] Initial repository scan started
2025-06-17 14:41:49.825 [info] > git rev-parse --show-toplevel [1737ms]
2025-06-17 14:41:49.825 [info] fatal: not a git repository (or any parent up to mount point /)
Stopping at filesystem boundary (GIT_DISCOVERY_ACROSS_FILESYSTEM not set).
2025-06-17 14:41:49.827 [info] > git rev-parse --show-toplevel [2ms]
2025-06-17 14:41:49.827 [info] fatal: not a git repository (or any parent up to mount point /)
Stopping at filesystem boundary (GIT_DISCOVERY_ACROSS_FILESYSTEM not set).
2025-06-17 14:41:49.833 [info] > git rev-parse --show-toplevel [2ms]
2025-06-17 14:41:49.833 [info] fatal: not a git repository (or any parent up to mount point /)
Stopping at filesystem boundary (GIT_DISCOVERY_ACROSS_FILESYSTEM not set).
2025-06-17 14:41:49.839 [info] > git rev-parse --show-toplevel [2ms]
2025-06-17 14:41:49.839 [info] fatal: not a git repository (or any parent up to mount point /)
Stopping at filesystem boundary (GIT_DISCOVERY_ACROSS_FILESYSTEM not set).
2025-06-17 14:41:49.845 [info] > git rev-parse --show-toplevel [2ms]
2025-06-17 14:41:49.845 [info] fatal: not a git repository (or any parent up to mount point /)
Stopping at filesystem boundary (GIT_DISCOVERY_ACROSS_FILESYSTEM not set).
2025-06-17 14:41:49.937 [info] > git rev-parse --show-toplevel [5ms]
2025-06-17 14:41:49.938 [info] fatal: not a git repository (or any parent up to mount point /)
Stopping at filesystem boundary (GIT_DISCOVERY_ACROSS_FILESYSTEM not set).
2025-06-17 14:41:52.360 [info] > git rev-parse --show-toplevel [2417ms]
2025-06-17 14:41:52.360 [info] fatal: not a git repository (or any parent up to mount point /)
Stopping at filesystem boundary (GIT_DISCOVERY_ACROSS_FILESYSTEM not set).
2025-06-17 14:41:52.360 [info] [Model][doInitialScan] Initial repository scan completed - repositories (0), closed repositories (0), parent repositories (0), unsafe repositories (0)
2025-06-17 14:43:02.978 [info] > git rev-parse --show-toplevel [3ms]
2025-06-17 14:43:02.978 [info] fatal: not a git repository (or any parent up to mount point /)
Stopping at filesystem boundary (GIT_DISCOVERY_ACROSS_FILESYSTEM not set).
