2025-06-17 14:39:01.959 [info] [main] Log level: Info
2025-06-17 14:39:01.959 [info] [main] Validating found git in: "git"
2025-06-17 14:39:01.959 [info] [main] Using git "2.43.0" from "git"
2025-06-17 14:39:01.959 [info] [Model][doInitialScan] Initial repository scan started
2025-06-17 14:39:01.959 [info] > git rev-parse --show-toplevel [1641ms]
2025-06-17 14:39:01.959 [info] fatal: not a git repository (or any parent up to mount point /)
Stopping at filesystem boundary (GIT_DISCOVERY_ACROSS_FILESYSTEM not set).
2025-06-17 14:39:01.966 [info] > git rev-parse --show-toplevel [2ms]
2025-06-17 14:39:01.966 [info] fatal: not a git repository (or any parent up to mount point /)
Stopping at filesystem boundary (GIT_DISCOVERY_ACROSS_FILESYSTEM not set).
2025-06-17 14:39:01.972 [info] > git rev-parse --show-toplevel [2ms]
2025-06-17 14:39:01.972 [info] fatal: not a git repository (or any parent up to mount point /)
Stopping at filesystem boundary (GIT_DISCOVERY_ACROSS_FILESYSTEM not set).
2025-06-17 14:39:02.097 [info] > git rev-parse --show-toplevel [121ms]
2025-06-17 14:39:02.097 [info] fatal: not a git repository (or any parent up to mount point /)
Stopping at filesystem boundary (GIT_DISCOVERY_ACROSS_FILESYSTEM not set).
2025-06-17 14:39:02.141 [info] > git rev-parse --show-toplevel [36ms]
2025-06-17 14:39:02.141 [info] fatal: not a git repository (or any parent up to mount point /)
Stopping at filesystem boundary (GIT_DISCOVERY_ACROSS_FILESYSTEM not set).
2025-06-17 14:39:04.807 [info] > git rev-parse --show-toplevel [2658ms]
2025-06-17 14:39:04.808 [info] fatal: not a git repository (or any parent up to mount point /)
Stopping at filesystem boundary (GIT_DISCOVERY_ACROSS_FILESYSTEM not set).
